[2018-06-29 20:07:12.4] >>Log file /home/guy/github/LocalSwitch/FamilyRoomWindow/F-RoomWindow.log was created successfully

log start @rpi2, IP:192.168.2.114, OS:linux, Name:F-RoomWindow
***************************************************************
[2018-06-29 20:07:13.2] [F-RoomWindow/Up] init [press mode][GPIO in/out:20/19] 
[2018-06-29 20:07:13.2] [F-RoomWindow/Down] init [press mode][GPIO in/out:21/26] 
[2018-06-29 20:07:13.4] [F-RoomWindow/Up] GPIO initialize successfully
[2018-06-29 20:07:13.5] [F-RoomWindow/Down] GPIO initialize successfully
[2018-06-29 20:08:56.8] [F-RoomWindow/Up] [WatchDog] init
[2018-06-29 20:08:57.9] [F-RoomWindow/Down] [WatchDog] init
[2018-06-29 20:08:57.9] [F-RoomWindow/Up] [Weekly Schedule] Schedule file read successfully
[2018-06-29 20:08:58.3] [F-RoomWindow/Up] [Weekly Schedule] Task details [#0/0] [Sunday, 02:00:00]  - [Sunday, 02:00:05]
[2018-06-29 20:08:58.3] [F-RoomWindow/Up] [Weekly Schedule] Task details [#0/1] [Monday, 02:00:00]  - [Monday, 02:00:05]
[2018-06-29 20:08:58.3] [F-RoomWindow/Up] [Weekly Schedule] Task details [#0/2] [Tuesday, 02:00:00]  - [Tuesday, 02:00:05]
[2018-06-29 20:08:58.3] [F-RoomWindow/Up] [Weekly Schedule] Task details [#0/3] [Wednesday, 02:00:00]  - [Wednesday, 02:00:05]
[2018-06-29 20:08:58.3] [F-RoomWindow/Up] [Weekly Schedule] Task details [#0/4] [Thursday, 02:00:00]  - [Thursday, 02:00:05]
[2018-06-29 20:08:58.3] [F-RoomWindow/Up] [Weekly Schedule] Task details [#0/5] [Friday, 02:00:00]  - [Friday, 02:00:05]
[2018-06-29 20:08:58.3] [F-RoomWindow/Up] [Weekly Schedule] Task details [#0/6] [Saturday, 02:00:00]  - [Saturday, 02:00:05]
[2018-06-29 20:08:58.3] [F-RoomWindow/Up] [Weekly Schedule] Task details [#1/0] [Sunday, 06:30:00]  - [Sunday, 06:30:05]
[2018-06-29 20:08:58.3] [F-RoomWindow/Up] [Weekly Schedule] Task details [#1/1] [Monday, 06:30:00]  - [Monday, 06:30:05]
[2018-06-29 20:08:58.3] [F-RoomWindow/Up] [Weekly Schedule] Task details [#1/2] [Tuesday, 06:30:00]  - [Tuesday, 06:30:05]
[2018-06-29 20:08:58.4] [F-RoomWindow/Up] [Weekly Schedule] Task details [#1/3] [Wednesday, 06:30:00]  - [Wednesday, 06:30:05]
[2018-06-29 20:08:58.4] [F-RoomWindow/Up] [Weekly Schedule] Task details [#1/4] [Thursday, 06:30:00]  - [Thursday, 06:30:05]
[2018-06-29 20:08:58.4] [F-RoomWindow/Up] [Weekly Schedule] Task details [#2/0] [Friday, 08:30:00]  - [Friday, 08:30:05]
[2018-06-29 20:08:58.4] [F-RoomWindow/Up] [Weekly Schedule] Task details [#2/1] [Saturday, 08:30:00]  - [Saturday, 08:30:05]
[2018-06-29 20:08:58.4] [F-RoomWindow/Down] [Weekly Schedule] Schedule file read successfully
[2018-06-29 20:08:58.6] [F-RoomWindow/Down] [Weekly Schedule] Task details [#0/0] [Sunday, 01:59:00]  - [Sunday, 01:59:59]
[2018-06-29 20:08:58.6] [F-RoomWindow/Down] [Weekly Schedule] Task details [#0/1] [Monday, 01:59:00]  - [Monday, 01:59:59]
[2018-06-29 20:08:58.6] [F-RoomWindow/Down] [Weekly Schedule] Task details [#0/2] [Tuesday, 01:59:00]  - [Tuesday, 01:59:59]
[2018-06-29 20:08:58.6] [F-RoomWindow/Down] [Weekly Schedule] Task details [#0/3] [Wednesday, 01:59:00]  - [Wednesday, 01:59:59]
[2018-06-29 20:08:58.6] [F-RoomWindow/Down] [Weekly Schedule] Task details [#0/4] [Thursday, 01:59:00]  - [Thursday, 01:59:59]
[2018-06-29 20:08:58.6] [F-RoomWindow/Down] [Weekly Schedule] Task details [#0/5] [Friday, 01:59:00]  - [Friday, 01:59:59]
[2018-06-29 20:08:58.6] [F-RoomWindow/Down] [Weekly Schedule] Task details [#0/6] [Saturday, 01:59:00]  - [Saturday, 01:59:59]
[2018-06-29 20:08:58.6] [F-RoomWindow/Down] [Weekly Schedule] Task details [#1/0] [Sunday, 08:00:00]  - [Sunday, 08:01:00]
[2018-06-29 20:08:58.6] [F-RoomWindow/Down] [Weekly Schedule] Task details [#1/1] [Monday, 08:00:00]  - [Monday, 08:01:00]
[2018-06-29 20:08:58.6] [F-RoomWindow/Down] [Weekly Schedule] Task details [#1/2] [Tuesday, 08:00:00]  - [Tuesday, 08:01:00]
[2018-06-29 20:08:58.6] [F-RoomWindow/Down] [Weekly Schedule] Task details [#1/3] [Wednesday, 08:00:00]  - [Wednesday, 08:01:00]
[2018-06-29 20:08:58.7] [F-RoomWindow/Down] [Weekly Schedule] Task details [#1/4] [Thursday, 08:00:00]  - [Thursday, 08:01:00]
[2018-06-29 20:09:01.5] [F-RoomWindow/Up] [False --> True] pressed [code] [1] times
[2018-06-29 20:09:01.5] [F-RoomWindow/Up] [WatchDog] [GPIO 19] [True]
[2018-06-29 20:09:02.0] [F-RoomWindow/Up] [True --> False] pressed [code] [2] times
[2018-06-29 20:09:02.0] [F-RoomWindow/Up] [WatchDog] [GPIO 19] [False]
[2018-06-29 20:09:02.5] [F-RoomWindow/Down] [False --> True] pressed [code] [1] times
[2018-06-29 20:09:02.5] [F-RoomWindow/Down] [WatchDog] [GPIO 26] [True]
[2018-06-29 20:09:03.0] [F-RoomWindow/Down] [True --> False] pressed [code] [2] times
[2018-06-29 20:09:03.0] [F-RoomWindow/Down] [WatchDog] [GPIO 26] [False]
[2018-06-29 23:59:27.3] [F-RoomWindow/Down] [WatchDog] [GPIO 26] [True]
[2018-06-29 23:59:27.3] [F-RoomWindow/Down] [WatchDog] [GPIO 26] [True]
[2018-06-29 23:59:27.7] [F-RoomWindow/Down] [released] [button]
[2018-06-29 23:59:27.7] [F-RoomWindow/Down] [WatchDog] [GPIO 26] [False]
[2018-06-29 23:59:27.8] [F-RoomWindow/Up] [pressed ] [button] [3 times]
[2018-06-29 23:59:27.8] [F-RoomWindow/Up] [WatchDog] [GPIO 19] [True]
[2018-06-29 23:59:32.0] [F-RoomWindow/Up] [released] [button]
[2018-06-29 23:59:32.1] [F-RoomWindow/Up] [WatchDog] [GPIO 19] [False]
[2018-06-30 01:59:00.1] [F-RoomWindow/Down] [Weekly Schedule] Start Task[0/6]: Start 2018-06-30 01:59:00, End 2018-06-30 01:59:59
[2018-06-30 01:59:00.2] [F-RoomWindow/Down] [False --> True] pressed [code] [4] times
[2018-06-30 01:59:00.2] [F-RoomWindow/Down] [WatchDog] [GPIO 26] [True]
[2018-06-30 01:59:59.0] [F-RoomWindow/Down] [True --> False] pressed [code] [5] times
[2018-06-30 01:59:59.0] [F-RoomWindow/Down] [Weekly Schedule] End Task[0/6]: Start 2018-06-30 01:59:00, End 2018-06-30 01:59:59
[2018-06-30 01:59:59.1] [F-RoomWindow/Down] [WatchDog] [GPIO 26] [False]
[2018-06-30 02:00:00.2] [F-RoomWindow/Up] [Weekly Schedule] Start Task[0/6]: Start 2018-06-30 02:00:00, End 2018-06-30 02:00:05
[2018-06-30 02:00:00.2] [F-RoomWindow/Up] [False --> True] pressed [code] [4] times
[2018-06-30 02:00:00.2] [F-RoomWindow/Up] [WatchDog] [GPIO 19] [True]
[2018-06-30 02:00:05.2] [F-RoomWindow/Up] [True --> False] pressed [code] [5] times
[2018-06-30 02:00:05.2] [F-RoomWindow/Up] [Weekly Schedule] End Task[0/6]: Start 2018-06-30 02:00:00, End 2018-06-30 02:00:05
[2018-06-30 02:00:05.2] [F-RoomWindow/Up] [WatchDog] [GPIO 19] [False]
[2018-06-30 08:30:00.0] [F-RoomWindow/Up] [Weekly Schedule] Start Task[2/1]: Start 2018-06-30 08:30:00, End 2018-06-30 08:30:05
[2018-06-30 08:30:00.0] [F-RoomWindow/Up] [False --> True] pressed [code] [6] times
[2018-06-30 08:30:00.0] [F-RoomWindow/Up] [WatchDog] [GPIO 19] [True]
[2018-06-30 08:30:05.1] [F-RoomWindow/Up] [True --> False] pressed [code] [7] times
[2018-06-30 08:30:05.1] [F-RoomWindow/Up] [Weekly Schedule] End Task[2/1]: Start 2018-06-30 08:30:00, End 2018-06-30 08:30:05
[2018-06-30 08:30:05.1] [F-RoomWindow/Up] [WatchDog] [GPIO 19] [False]
[2018-06-30 09:18:56.0] [F-RoomWindow/Down] [WatchDog] [GPIO 26] [True]
[2018-06-30 09:18:56.0] [F-RoomWindow/Down] [WatchDog] [GPIO 26] [True]
[2018-06-30 09:19:01.0] [F-RoomWindow/Down] [released] [button]
[2018-06-30 09:19:01.0] [F-RoomWindow/Down] [WatchDog] [GPIO 26] [False]
[2018-06-30 14:20:53.4] [F-RoomWindow/Down] [pressed ] [button] [7 times]
[2018-06-30 14:20:53.5] [F-RoomWindow/Down] [WatchDog] [GPIO 26] [True]
[2018-06-30 16:13:32.6] [F-RoomWindow/Down] [released] [button]
[2018-06-30 16:13:32.6] [F-RoomWindow/Down] [WatchDog] [GPIO 26] [False]
[2018-06-30 16:13:32.7] [F-RoomWindow/Up] [pressed ] [button] [8 times]
[2018-06-30 16:13:32.7] [F-RoomWindow/Up] [WatchDog] [GPIO 19] [True]
[2018-06-30 16:13:36.4] [F-RoomWindow/Up] [released] [button]
[2018-06-30 16:13:36.5] [F-RoomWindow/Up] [WatchDog] [GPIO 19] [False]
[2018-07-01 01:59:00.3] [F-RoomWindow/Down] [Weekly Schedule] Start Task[0/0]: Start 2018-07-01 01:59:00, End 2018-07-01 01:59:59
[2018-07-01 01:59:00.3] [F-RoomWindow/Down] [False --> True] pressed [code] [8] times
[2018-07-01 01:59:00.4] [F-RoomWindow/Down] [WatchDog] [GPIO 26] [True]
[2018-07-01 01:59:59.3] [F-RoomWindow/Down] [True --> False] pressed [code] [9] times
[2018-07-01 01:59:59.3] [F-RoomWindow/Down] [Weekly Schedule] End Task[0/0]: Start 2018-07-01 01:59:00, End 2018-07-01 01:59:59
[2018-07-01 01:59:59.4] [F-RoomWindow/Down] [WatchDog] [GPIO 26] [False]
[2018-07-01 02:00:00.2] [F-RoomWindow/Up] [Weekly Schedule] Start Task[0/0]: Start 2018-07-01 02:00:00, End 2018-07-01 02:00:05
[2018-07-01 02:00:00.2] [F-RoomWindow/Up] [False --> True] pressed [code] [9] times
[2018-07-01 02:00:00.3] [F-RoomWindow/Up] [WatchDog] [GPIO 19] [True]
[2018-07-01 02:00:05.3] [F-RoomWindow/Up] [True --> False] pressed [code] [10] times
[2018-07-01 02:00:05.3] [F-RoomWindow/Up] [Weekly Schedule] End Task[0/0]: Start 2018-07-01 02:00:00, End 2018-07-01 02:00:05
[2018-07-01 02:00:05.3] [F-RoomWindow/Up] [WatchDog] [GPIO 19] [False]
[2018-07-01 06:30:00.4] [F-RoomWindow/Up] [Weekly Schedule] Start Task[1/0]: Start 2018-07-01 06:30:00, End 2018-07-01 06:30:05
[2018-07-01 06:30:00.4] [F-RoomWindow/Up] [False --> True] pressed [code] [11] times
[2018-07-01 06:30:00.5] [F-RoomWindow/Up] [WatchDog] [GPIO 19] [True]
[2018-07-01 06:30:05.0] [F-RoomWindow/Up] [True --> False] pressed [code] [12] times
[2018-07-01 06:30:05.0] [F-RoomWindow/Up] [Weekly Schedule] End Task[1/0]: Start 2018-07-01 06:30:00, End 2018-07-01 06:30:05
[2018-07-01 06:30:05.0] [F-RoomWindow/Up] [WatchDog] [GPIO 19] [False]
